TN:
SF:src\server.ts
FNF:0
FNH:0
DA:1,1
DA:2,1
DA:3,1
DA:4,1
DA:6,1
DA:8,1
DA:10,1
DA:11,1
DA:12,1
DA:13,1
DA:19,1
DA:24,1
DA:25,1
DA:26,1
DA:29,1
DA:30,0
DA:31,1
DA:32,0
DA:33,0
DA:34,0
DA:35,0
DA:38,1
DA:39,1
DA:42,1
DA:43,0
DA:44,0
DA:45,0
DA:46,0
DA:47,0
DA:48,0
DA:49,0
DA:54,1
DA:55,1
DA:57,1
DA:58,1
DA:64,1
LF:36
LH:24
BRDA:29,0,0,0
BRDA:31,1,0,0
BRF:2
BRH:0
end_of_record
TN:
SF:src\common\ENV.ts
FNF:0
FNH:0
DA:5,1
DA:6,1
DA:7,1
LF:3
LH:3
BRDA:5,0,0,2
BRF:1
BRH:1
end_of_record
TN:
SF:src\common\HttpStatusCodes.ts
FNF:0
FNH:0
DA:7,3
DA:15,1
DA:20,1
DA:27,1
DA:35,1
DA:40,1
DA:46,1
DA:53,1
DA:58,1
DA:64,1
DA:71,1
DA:77,1
DA:83,1
DA:89,1
DA:96,1
DA:101,1
DA:111,1
DA:119,1
DA:125,1
DA:132,1
DA:137,1
DA:145,1
DA:152,1
DA:158,1
DA:166,1
DA:173,1
DA:179,1
DA:185,1
DA:191,1
DA:196,1
DA:201,1
DA:208,1
DA:214,1
DA:223,1
DA:228,1
DA:233,1
DA:238,1
DA:245,1
DA:251,1
DA:258,1
DA:263,1
DA:270,1
DA:275,1
DA:280,1
DA:285,1
DA:290,1
DA:295,1
DA:303,1
DA:308,1
DA:314,1
DA:320,1
DA:325,1
DA:331,1
DA:336,1
DA:342,1
DA:347,1
DA:352,1
DA:357,1
DA:362,1
DA:367,1
DA:372,1
DA:379,1
DA:386,1
LF:63
LH:63
BRDA:7,0,0,3
BRF:1
BRH:1
end_of_record
TN:
SF:src\common\route-errors.ts
FN:13,RouteError
FNF:1
FNH:0
FNDA:0,RouteError
DA:10,1
DA:13,1
DA:14,0
DA:15,0
DA:16,0
DA:17,1
LF:6
LH:3
BRF:0
BRH:0
end_of_record
TN:
SF:src\common\staticData.ts
FNF:0
FNH:0
DA:1,1
LF:1
LH:1
BRF:0
BRH:0
end_of_record
TN:
SF:src\config\index.ts
FNF:0
FNH:0
DA:1,1
DA:2,1
DA:3,1
DA:6,1
DA:7,1
DA:10,1
DA:13,1
DA:14,0
DA:15,1
DA:16,1
DA:17,1
DA:20,1
DA:21,1
DA:22,1
DA:25,1
DA:26,1
DA:27,1
DA:28,1
DA:29,1
DA:30,1
DA:31,1
DA:32,1
DA:33,1
DA:34,1
DA:35,1
DA:36,1
DA:37,1
DA:38,1
DA:39,1
LF:29
LH:28
BRDA:6,0,0,0
BRDA:13,1,0,0
BRF:2
BRH:0
end_of_record
TN:
SF:src\config\mailer.ts
FNF:0
FNH:0
DA:1,1
DA:3,1
DA:4,1
DA:5,1
DA:6,1
DA:7,1
DA:8,1
DA:10,1
DA:11,1
DA:12,1
DA:13,1
DA:14,1
DA:15,1
DA:17,1
LF:14
LH:14
BRF:0
BRH:0
end_of_record
TN:
SF:src\midlewares\apiKeyAuth.ts
FN:5,apiKeyAuth
FNF:1
FNH:0
FNDA:0,apiKeyAuth
DA:2,1
DA:3,1
DA:5,1
DA:7,0
DA:9,0
DA:10,0
DA:11,0
DA:12,0
DA:13,0
DA:14,0
DA:16,0
DA:18,0
DA:19,0
DA:20,0
DA:21,0
DA:22,0
DA:23,0
DA:25,0
DA:26,0
DA:28,1
LF:20
LH:4
BRF:0
BRH:0
end_of_record
TN:
SF:src\midlewares\rateLimiter.ts
FNF:0
FNH:0
DA:1,1
DA:3,1
DA:4,1
DA:5,1
DA:6,1
DA:7,1
DA:9,1
DA:11,1
LF:8
LH:8
BRF:0
BRH:0
end_of_record
TN:
SF:src\routes\apiKeys.ts
FNF:0
FNH:0
DA:1,1
DA:2,1
DA:3,1
DA:4,1
DA:6,1
DA:9,1
DA:10,8
DA:11,8
DA:17,8
DA:18,4
DA:19,4
DA:20,4
DA:21,4
DA:22,4
DA:24,4
DA:26,2
DA:27,2
DA:28,2
DA:29,2
DA:30,2
DA:31,2
DA:32,2
DA:33,2
DA:34,2
DA:35,2
DA:36,8
DA:39,1
DA:40,5
DA:41,5
DA:42,5
DA:44,4
DA:45,2
DA:46,2
DA:47,2
DA:48,2
DA:49,2
DA:51,1
DA:52,1
DA:53,1
DA:54,3
DA:55,2
DA:56,2
DA:57,2
DA:58,2
DA:59,2
DA:60,5
DA:62,1
DA:63,1
DA:64,1
DA:65,1
DA:66,1
DA:67,1
DA:68,1
DA:70,1
DA:71,1
DA:72,1
DA:73,1
DA:74,0
DA:75,0
DA:76,0
DA:77,0
DA:78,0
DA:79,1
DA:80,1
DA:82,1
LF:65
LH:60
BRDA:9,0,0,8
BRDA:17,1,0,6
BRDA:17,2,0,4
BRDA:24,3,0,2
BRDA:33,4,0,0
BRDA:39,5,0,5
BRDA:42,6,0,4
BRDA:42,7,0,3
BRDA:44,8,0,2
BRDA:49,9,0,3
BRDA:49,10,0,1
BRDA:54,11,0,2
BRDA:57,12,0,0
BRDA:65,13,0,1
BRDA:73,14,0,0
BRF:15
BRH:12
end_of_record
TN:
SF:src\routes\baseRoutes.ts
FNF:0
FNH:0
DA:1,1
DA:2,1
DA:3,1
DA:4,1
DA:5,1
DA:6,1
DA:7,1
DA:8,1
DA:9,1
DA:15,1
DA:17,1
DA:18,1
DA:19,1
DA:21,1
DA:22,1
DA:23,1
DA:24,1
DA:25,1
DA:26,5
DA:27,5
DA:29,5
DA:31,3
DA:32,3
DA:33,3
DA:34,3
DA:35,3
DA:36,3
DA:37,3
DA:38,3
DA:40,3
DA:41,5
DA:42,2
DA:43,1
DA:44,1
DA:45,1
DA:46,1
DA:47,1
DA:48,1
DA:49,1
DA:50,5
DA:51,1
DA:57,1
LF:42
LH:42
BRDA:17,0,0,1
BRDA:25,1,0,5
BRDA:29,2,0,3
BRDA:41,3,0,2
BRDA:42,4,0,1
BRF:5
BRH:5
end_of_record
TN:
SF:src\routes\index.ts
FNF:0
FNH:0
DA:1,1
DA:2,1
LF:2
LH:2
BRF:0
BRH:0
end_of_record
TN:
SF:src\services\emailTemplateService.ts
FN:11,EmailTemplateService
FN:24,initialize
FN:34,registerLayouts
FN:47,renderTemplate
FN:69,registerPartials
FN:82,getTemplate
FN:95,checkInitialized
FNF:7
FNH:4
FNDA:1,EmailTemplateService
FNDA:1,initialize
FNDA:1,registerLayouts
FNDA:0,renderTemplate
FNDA:1,registerPartials
FNDA:0,getTemplate
FNDA:0,checkInitialized
DA:1,1
DA:2,1
DA:3,1
DA:4,1
DA:6,1
DA:8,1
DA:9,1
DA:11,1
DA:12,1
DA:13,1
DA:14,1
DA:15,1
DA:18,1
DA:19,1
DA:20,0
DA:21,1
DA:22,1
DA:24,1
DA:25,1
DA:26,1
DA:27,1
DA:28,1
DA:29,1
DA:30,0
DA:31,0
DA:32,1
DA:34,1
DA:35,1
DA:36,1
DA:38,1
DA:39,1
DA:40,1
DA:41,1
DA:42,1
DA:43,1
DA:44,1
DA:45,1
DA:47,1
DA:48,0
DA:49,0
DA:50,0
DA:51,0
DA:54,0
DA:55,0
DA:56,0
DA:57,0
DA:58,0
DA:59,0
DA:60,0
DA:61,0
DA:63,0
DA:64,0
DA:65,0
DA:66,0
DA:67,0
DA:69,1
DA:70,1
DA:71,1
DA:73,1
DA:74,2
DA:75,2
DA:76,2
DA:77,2
DA:78,2
DA:79,2
DA:80,1
DA:82,1
DA:83,0
DA:84,0
DA:85,0
DA:86,0
DA:88,0
DA:89,0
DA:90,0
DA:91,0
DA:92,0
DA:93,0
DA:95,1
DA:96,0
DA:97,0
DA:98,0
DA:99,0
DA:100,1
DA:103,1
DA:105,1
DA:106,0
DA:107,0
DA:109,1
LF:88
LH:52
BRDA:11,0,0,1
BRDA:14,1,0,0
BRDA:24,2,0,1
BRDA:29,3,0,0
BRDA:34,4,0,1
BRDA:69,5,0,1
BRDA:73,6,0,2
BRF:7
BRH:5
end_of_record
TN:
SF:src\services\transporter.ts
FNF:0
FNH:0
DA:1,1
DA:2,1
DA:3,1
DA:5,1
DA:6,0
DA:7,0
DA:9,1
DA:11,1
LF:8
LH:6
BRDA:5,0,0,0
BRF:1
BRH:0
end_of_record
TN:
SF:src\utils\validator.ts
FNF:0
FNH:0
DA:1,1
DA:3,1
DA:4,1
DA:5,1
DA:6,1
DA:7,1
DA:8,1
LF:7
LH:7
BRF:0
BRH:0
end_of_record
